<?xml version="1.0" encoding="UTF-8"?>
<!-- Generated by org.testng.reporters.JUnitXMLReporter -->
<testsuite hostname="DESKTOP-NUVRDQH" ignored="0" name="Test" tests="3" failures="1" timestamp="06 Oct 2019 18:19:49 GMT" time="99.926" errors="0">
  <testcase name="VerifyTitle" time="0.061" classname="com.crm.qa.testcases.LoginPageTest">
    <failure type="java.lang.AssertionError" message="expected [CRMPRO - CRM software for customer relationship management, sales, and support.] but found [CRMPRO1 - CRM software for customer relationship management, sales, and support.]">
      <![CDATA[java.lang.AssertionError: expected [CRMPRO - CRM software for customer relationship management, sales, and support.] but found [CRMPRO1 - CRM software for customer relationship management, sales, and support.]
	at com.crm.qa.testcases.LoginPageTest.VerifyTitle(LoginPageTest.java:31)
... Removed 31 stack frames]]>
    </failure>
  </testcase> <!-- VerifyTitle -->
  <testcase name="verifyLogo" time="0.405" classname="com.crm.qa.testcases.LoginPageTest"/>
  <testcase name="LoginTest" time="10.538" classname="com.crm.qa.testcases.LoginPageTest"/>
</testsuite> <!-- Test -->
