<?xml version="1.0" encoding="UTF-8"?>
<testsuite xmlns:xsi="http://www.w3.org/2001/XMLSchema-instance" xsi:noNamespaceSchemaLocation="https://maven.apache.org/surefire/maven-surefire-plugin/xsd/surefire-test-report-3.0.xsd" version="3.0" name="TestSuite" time="1,059.079" tests="23" errors="0" skipped="19" failures="3">
  <properties>
[...]
</properties>
  <testcase name="setUp" classname="com.crm.qa.testcases.ContactTest" time="113.973">
    <failure message="unknown error: unable to discover open pages&#10;Build info: version: &apos;3.141.59&apos;, revision: &apos;e82be7d358&apos;, time: &apos;2018-11-14T08:17:03&apos;&#10;System info: host: &apos;DESKTOP-NUVRDQH&apos;, ip: &apos;192.168.0.118&apos;, os.name: &apos;Windows 8.1&apos;, os.arch: &apos;x86&apos;, os.version: &apos;6.3&apos;, java.version: &apos;1.8.0_45&apos;&#10;Driver info: driver.version: ChromeDriver&#10;remote stacktrace: Backtrace:&#10;	Ordinal0 [0x005EEB13+1501971]&#10;	Ordinal0 [0x0056F6D1+980689]&#10;	Ordinal0 [0x004F765F+489055]&#10;	Ordinal0 [0x0048F254+62036]&#10;	Ordinal0 [0x0048BCDA+48346]&#10;	Ordinal0 [0x004A9800+169984]&#10;	Ordinal0 [0x004A942D+169005]&#10;	Ordinal0 [0x004A78EB+162027]&#10;	Ordinal0 [0x00490AC7+68295]&#10;	Ordinal0 [0x00491B40+72512]&#10;	Ordinal0 [0x00491AD9+72409]&#10;	Ordinal0 [0x00588F37+1085239]&#10;	GetHandleVerifier [0x0068D7ED+503293]&#10;	GetHandleVerifier [0x0068D580+502672]&#10;	GetHandleVerifier [0x006946AC+531644]&#10;	GetHandleVerifier [0x0068DFFA+505354]&#10;	Ordinal0 [0x00580606+1050118]&#10;	Ordinal0 [0x0058047F+1049727]&#10;	Ordinal0 [0x0058AF9B+1093531]&#10;	Ordinal0 [0x0058B103+1093891]&#10;	Ordinal0 [0x0058A095+1089685]&#10;	BaseThreadInitThunk [0x762C2369+25]&#10;	RtlExpandEnvironmentStrings [0x7792E5BB+523]&#10;	RtlExpandEnvironmentStrings [0x7792E58F+479]&#10;" type="org.openqa.selenium.WebDriverException">org.openqa.selenium.WebDriverException: 
unknown error: unable to discover open pages
Build info: version: '3.141.59', revision: 'e82be7d358', time: '2018-11-14T08:17:03'
System info: host: 'DESKTOP-NUVRDQH', ip: '192.168.0.118', os.name: 'Windows 8.1', os.arch: 'x86', os.version: '6.3', java.version: '1.8.0_45'
Driver info: driver.version: ChromeDriver
remote stacktrace: Backtrace:
	Ordinal0 [0x005EEB13+1501971]
	Ordinal0 [0x0056F6D1+980689]
	Ordinal0 [0x004F765F+489055]
	Ordinal0 [0x0048F254+62036]
	Ordinal0 [0x0048BCDA+48346]
	Ordinal0 [0x004A9800+169984]
	Ordinal0 [0x004A942D+169005]
	Ordinal0 [0x004A78EB+162027]
	Ordinal0 [0x00490AC7+68295]
	Ordinal0 [0x00491B40+72512]
	Ordinal0 [0x00491AD9+72409]
	Ordinal0 [0x00588F37+1085239]
	GetHandleVerifier [0x0068D7ED+503293]
	GetHandleVerifier [0x0068D580+502672]
	GetHandleVerifier [0x006946AC+531644]
	GetHandleVerifier [0x0068DFFA+505354]
	Ordinal0 [0x00580606+1050118]
	Ordinal0 [0x0058047F+1049727]
	Ordinal0 [0x0058AF9B+1093531]
	Ordinal0 [0x0058B103+1093891]
	Ordinal0 [0x0058A095+1089685]
	BaseThreadInitThunk [0x762C2369+25]
	RtlExpandEnvironmentStrings [0x7792E5BB+523]
	RtlExpandEnvironmentStrings [0x7792E58F+479]

	at com.crm.qa.testcases.ContactTest.setUp(ContactTest.java:33)
</failure>
    <system-err><![CDATA[Starting ChromeDriver 77.0.3865.40 (f484704e052e0b556f8030b65b953dce96503217-refs/branch-heads/3865@{#442}) on port 4944
Only local connections are allowed.
Please protect ports used by ChromeDriver and related test frameworks to prevent access by malicious code.
]]></system-err>
  </testcase>
  <testcase name="setUp" classname="com.crm.qa.testcases.ContactTest" time="0">
    <skipped/>
  </testcase>
  <testcase name="setUp" classname="com.crm.qa.testcases.ContactTest" time="0">
    <skipped/>
  </testcase>
  <testcase name="setUp" classname="com.crm.qa.testcases.ContactTest" time="0">
    <skipped/>
  </testcase>
  <testcase name="setUp" classname="com.crm.qa.testcases.ContactTest" time="0">
    <skipped/>
  </testcase>
  <testcase name="createContacttest" classname="com.crm.qa.testcases.ContactTest" time="0">
    <skipped message="unknown error: unable to discover open pages&#10;Build info: version: &apos;3.141.59&apos;, revision: &apos;e82be7d358&apos;, time: &apos;2018-11-14T08:17:03&apos;&#10;System info: host: &apos;DESKTOP-NUVRDQH&apos;, ip: &apos;192.168.0.118&apos;, os.name: &apos;Windows 8.1&apos;, os.arch: &apos;x86&apos;, os.version: &apos;6.3&apos;, java.version: &apos;1.8.0_45&apos;&#10;Driver info: driver.version: ChromeDriver&#10;remote stacktrace: Backtrace:&#10;	Ordinal0 [0x005EEB13+1501971]&#10;	Ordinal0 [0x0056F6D1+980689]&#10;	Ordinal0 [0x004F765F+489055]&#10;	Ordinal0 [0x0048F254+62036]&#10;	Ordinal0 [0x0048BCDA+48346]&#10;	Ordinal0 [0x004A9800+169984]&#10;	Ordinal0 [0x004A942D+169005]&#10;	Ordinal0 [0x004A78EB+162027]&#10;	Ordinal0 [0x00490AC7+68295]&#10;	Ordinal0 [0x00491B40+72512]&#10;	Ordinal0 [0x00491AD9+72409]&#10;	Ordinal0 [0x00588F37+1085239]&#10;	GetHandleVerifier [0x0068D7ED+503293]&#10;	GetHandleVerifier [0x0068D580+502672]&#10;	GetHandleVerifier [0x006946AC+531644]&#10;	GetHandleVerifier [0x0068DFFA+505354]&#10;	Ordinal0 [0x00580606+1050118]&#10;	Ordinal0 [0x0058047F+1049727]&#10;	Ordinal0 [0x0058AF9B+1093531]&#10;	Ordinal0 [0x0058B103+1093891]&#10;	Ordinal0 [0x0058A095+1089685]&#10;	BaseThreadInitThunk [0x762C2369+25]&#10;	RtlExpandEnvironmentStrings [0x7792E5BB+523]&#10;	RtlExpandEnvironmentStrings [0x7792E58F+479]&#10;"/>
  </testcase>
  <testcase name="createContacttest" classname="com.crm.qa.testcases.ContactTest" time="0">
    <skipped message="unknown error: unable to discover open pages&#10;Build info: version: &apos;3.141.59&apos;, revision: &apos;e82be7d358&apos;, time: &apos;2018-11-14T08:17:03&apos;&#10;System info: host: &apos;DESKTOP-NUVRDQH&apos;, ip: &apos;192.168.0.118&apos;, os.name: &apos;Windows 8.1&apos;, os.arch: &apos;x86&apos;, os.version: &apos;6.3&apos;, java.version: &apos;1.8.0_45&apos;&#10;Driver info: driver.version: ChromeDriver&#10;remote stacktrace: Backtrace:&#10;	Ordinal0 [0x005EEB13+1501971]&#10;	Ordinal0 [0x0056F6D1+980689]&#10;	Ordinal0 [0x004F765F+489055]&#10;	Ordinal0 [0x0048F254+62036]&#10;	Ordinal0 [0x0048BCDA+48346]&#10;	Ordinal0 [0x004A9800+169984]&#10;	Ordinal0 [0x004A942D+169005]&#10;	Ordinal0 [0x004A78EB+162027]&#10;	Ordinal0 [0x00490AC7+68295]&#10;	Ordinal0 [0x00491B40+72512]&#10;	Ordinal0 [0x00491AD9+72409]&#10;	Ordinal0 [0x00588F37+1085239]&#10;	GetHandleVerifier [0x0068D7ED+503293]&#10;	GetHandleVerifier [0x0068D580+502672]&#10;	GetHandleVerifier [0x006946AC+531644]&#10;	GetHandleVerifier [0x0068DFFA+505354]&#10;	Ordinal0 [0x00580606+1050118]&#10;	Ordinal0 [0x0058047F+1049727]&#10;	Ordinal0 [0x0058AF9B+1093531]&#10;	Ordinal0 [0x0058B103+1093891]&#10;	Ordinal0 [0x0058A095+1089685]&#10;	BaseThreadInitThunk [0x762C2369+25]&#10;	RtlExpandEnvironmentStrings [0x7792E5BB+523]&#10;	RtlExpandEnvironmentStrings [0x7792E58F+479]&#10;"/>
  </testcase>
  <testcase name="createContacttest" classname="com.crm.qa.testcases.ContactTest" time="0">
    <skipped message="unknown error: unable to discover open pages&#10;Build info: version: &apos;3.141.59&apos;, revision: &apos;e82be7d358&apos;, time: &apos;2018-11-14T08:17:03&apos;&#10;System info: host: &apos;DESKTOP-NUVRDQH&apos;, ip: &apos;192.168.0.118&apos;, os.name: &apos;Windows 8.1&apos;, os.arch: &apos;x86&apos;, os.version: &apos;6.3&apos;, java.version: &apos;1.8.0_45&apos;&#10;Driver info: driver.version: ChromeDriver&#10;remote stacktrace: Backtrace:&#10;	Ordinal0 [0x005EEB13+1501971]&#10;	Ordinal0 [0x0056F6D1+980689]&#10;	Ordinal0 [0x004F765F+489055]&#10;	Ordinal0 [0x0048F254+62036]&#10;	Ordinal0 [0x0048BCDA+48346]&#10;	Ordinal0 [0x004A9800+169984]&#10;	Ordinal0 [0x004A942D+169005]&#10;	Ordinal0 [0x004A78EB+162027]&#10;	Ordinal0 [0x00490AC7+68295]&#10;	Ordinal0 [0x00491B40+72512]&#10;	Ordinal0 [0x00491AD9+72409]&#10;	Ordinal0 [0x00588F37+1085239]&#10;	GetHandleVerifier [0x0068D7ED+503293]&#10;	GetHandleVerifier [0x0068D580+502672]&#10;	GetHandleVerifier [0x006946AC+531644]&#10;	GetHandleVerifier [0x0068DFFA+505354]&#10;	Ordinal0 [0x00580606+1050118]&#10;	Ordinal0 [0x0058047F+1049727]&#10;	Ordinal0 [0x0058AF9B+1093531]&#10;	Ordinal0 [0x0058B103+1093891]&#10;	Ordinal0 [0x0058A095+1089685]&#10;	BaseThreadInitThunk [0x762C2369+25]&#10;	RtlExpandEnvironmentStrings [0x7792E5BB+523]&#10;	RtlExpandEnvironmentStrings [0x7792E58F+479]&#10;"/>
  </testcase>
  <testcase name="verifyContactSelectTest" classname="com.crm.qa.testcases.ContactTest" time="0">
    <skipped message="unknown error: unable to discover open pages&#10;Build info: version: &apos;3.141.59&apos;, revision: &apos;e82be7d358&apos;, time: &apos;2018-11-14T08:17:03&apos;&#10;System info: host: &apos;DESKTOP-NUVRDQH&apos;, ip: &apos;192.168.0.118&apos;, os.name: &apos;Windows 8.1&apos;, os.arch: &apos;x86&apos;, os.version: &apos;6.3&apos;, java.version: &apos;1.8.0_45&apos;&#10;Driver info: driver.version: ChromeDriver&#10;remote stacktrace: Backtrace:&#10;	Ordinal0 [0x005EEB13+1501971]&#10;	Ordinal0 [0x0056F6D1+980689]&#10;	Ordinal0 [0x004F765F+489055]&#10;	Ordinal0 [0x0048F254+62036]&#10;	Ordinal0 [0x0048BCDA+48346]&#10;	Ordinal0 [0x004A9800+169984]&#10;	Ordinal0 [0x004A942D+169005]&#10;	Ordinal0 [0x004A78EB+162027]&#10;	Ordinal0 [0x00490AC7+68295]&#10;	Ordinal0 [0x00491B40+72512]&#10;	Ordinal0 [0x00491AD9+72409]&#10;	Ordinal0 [0x00588F37+1085239]&#10;	GetHandleVerifier [0x0068D7ED+503293]&#10;	GetHandleVerifier [0x0068D580+502672]&#10;	GetHandleVerifier [0x006946AC+531644]&#10;	GetHandleVerifier [0x0068DFFA+505354]&#10;	Ordinal0 [0x00580606+1050118]&#10;	Ordinal0 [0x0058047F+1049727]&#10;	Ordinal0 [0x0058AF9B+1093531]&#10;	Ordinal0 [0x0058B103+1093891]&#10;	Ordinal0 [0x0058A095+1089685]&#10;	BaseThreadInitThunk [0x762C2369+25]&#10;	RtlExpandEnvironmentStrings [0x7792E5BB+523]&#10;	RtlExpandEnvironmentStrings [0x7792E58F+479]&#10;"/>
  </testcase>
  <testcase name="verifyContactlabelTest" classname="com.crm.qa.testcases.ContactTest" time="0">
    <skipped message="unknown error: unable to discover open pages&#10;Build info: version: &apos;3.141.59&apos;, revision: &apos;e82be7d358&apos;, time: &apos;2018-11-14T08:17:03&apos;&#10;System info: host: &apos;DESKTOP-NUVRDQH&apos;, ip: &apos;192.168.0.118&apos;, os.name: &apos;Windows 8.1&apos;, os.arch: &apos;x86&apos;, os.version: &apos;6.3&apos;, java.version: &apos;1.8.0_45&apos;&#10;Driver info: driver.version: ChromeDriver&#10;remote stacktrace: Backtrace:&#10;	Ordinal0 [0x005EEB13+1501971]&#10;	Ordinal0 [0x0056F6D1+980689]&#10;	Ordinal0 [0x004F765F+489055]&#10;	Ordinal0 [0x0048F254+62036]&#10;	Ordinal0 [0x0048BCDA+48346]&#10;	Ordinal0 [0x004A9800+169984]&#10;	Ordinal0 [0x004A942D+169005]&#10;	Ordinal0 [0x004A78EB+162027]&#10;	Ordinal0 [0x00490AC7+68295]&#10;	Ordinal0 [0x00491B40+72512]&#10;	Ordinal0 [0x00491AD9+72409]&#10;	Ordinal0 [0x00588F37+1085239]&#10;	GetHandleVerifier [0x0068D7ED+503293]&#10;	GetHandleVerifier [0x0068D580+502672]&#10;	GetHandleVerifier [0x006946AC+531644]&#10;	GetHandleVerifier [0x0068DFFA+505354]&#10;	Ordinal0 [0x00580606+1050118]&#10;	Ordinal0 [0x0058047F+1049727]&#10;	Ordinal0 [0x0058AF9B+1093531]&#10;	Ordinal0 [0x0058B103+1093891]&#10;	Ordinal0 [0x0058A095+1089685]&#10;	BaseThreadInitThunk [0x762C2369+25]&#10;	RtlExpandEnvironmentStrings [0x7792E5BB+523]&#10;	RtlExpandEnvironmentStrings [0x7792E58F+479]&#10;"/>
  </testcase>
  <testcase name="VerifyContactTest" classname="com.crm.qa.testcases.HomepageTest" time="1.261"/>
  <testcase name="setUp" classname="com.crm.qa.testcases.HomepageTest" time="489.812">
    <failure message="element click intercepted: Element &lt;input type=&quot;submit&quot; value=&quot;Login&quot; class=&quot;btn btn-small&quot;&gt; is not clickable at point (32, 222). Other element would receive the click: &lt;div id=&quot;preloader&quot;&gt;...&lt;/div&gt;&#10;  (Session info: chrome=77.0.3865.90)&#10;Build info: version: &apos;3.141.59&apos;, revision: &apos;e82be7d358&apos;, time: &apos;2018-11-14T08:17:03&apos;&#10;System info: host: &apos;DESKTOP-NUVRDQH&apos;, ip: &apos;192.168.0.118&apos;, os.name: &apos;Windows 8.1&apos;, os.arch: &apos;x86&apos;, os.version: &apos;6.3&apos;, java.version: &apos;1.8.0_45&apos;&#10;Driver info: org.openqa.selenium.chrome.ChromeDriver&#10;Capabilities {acceptInsecureCerts: false, browserName: chrome, browserVersion: 77.0.3865.90, chrome: {chromedriverVersion: 77.0.3865.40 (f484704e052e0..., userDataDir: C:\Users\SK_PC\AppData\Loca...}, goog:chromeOptions: {debuggerAddress: localhost:53635}, javascriptEnabled: true, networkConnectionEnabled: false, pageLoadStrategy: normal, platform: XP, platformName: XP, proxy: Proxy(), setWindowRect: true, strictFileInteractability: false, timeouts: {implicit: 0, pageLoad: 300000, script: 30000}, unhandledPromptBehavior: dismiss and notify}&#10;Session ID: 958f41e930586536ea0f0278bf556dfc" type="org.openqa.selenium.ElementClickInterceptedException"><![CDATA[org.openqa.selenium.ElementClickInterceptedException: 
element click intercepted: Element <input type="submit" value="Login" class="btn btn-small"> is not clickable at point (32, 222). Other element would receive the click: <div id="preloader">...</div>
  (Session info: chrome=77.0.3865.90)
Build info: version: '3.141.59', revision: 'e82be7d358', time: '2018-11-14T08:17:03'
System info: host: 'DESKTOP-NUVRDQH', ip: '192.168.0.118', os.name: 'Windows 8.1', os.arch: 'x86', os.version: '6.3', java.version: '1.8.0_45'
Driver info: org.openqa.selenium.chrome.ChromeDriver
Capabilities {acceptInsecureCerts: false, browserName: chrome, browserVersion: 77.0.3865.90, chrome: {chromedriverVersion: 77.0.3865.40 (f484704e052e0..., userDataDir: C:\Users\SK_PC\AppData\Loca...}, goog:chromeOptions: {debuggerAddress: localhost:53635}, javascriptEnabled: true, networkConnectionEnabled: false, pageLoadStrategy: normal, platform: XP, platformName: XP, proxy: Proxy(), setWindowRect: true, strictFileInteractability: false, timeouts: {implicit: 0, pageLoad: 300000, script: 30000}, unhandledPromptBehavior: dismiss and notify}
Session ID: 958f41e930586536ea0f0278bf556dfc
	at com.crm.qa.testcases.HomepageTest.setUp(HomepageTest.java:31)
]]></failure>
    <system-out><![CDATA[Before navigating to: 'https://www.crmpro.com/'
Navigated to:'https://www.crmpro.com/'
Trying to find Element By : By.name: username
Found Element By : By.name: username
Trying to find Element By : By.name: password
Found Element By : By.name: password
Trying to find Element By : By.xpath: //input[@type='submit']
Found Element By : By.xpath: //input[@type='submit']
Trying to click on: [[ChromeDriver: chrome on XP (958f41e930586536ea0f0278bf556dfc)] -> xpath: //input[@type='submit']]
Exception occured: org.openqa.selenium.ElementClickInterceptedException: element click intercepted: Element <input type="submit" value="Login" class="btn btn-small"> is not clickable at point (32, 222). Other element would receive the click: <div id="preloader">...</div>
  (Session info: chrome=77.0.3865.90)
Build info: version: '3.141.59', revision: 'e82be7d358', time: '2018-11-14T08:17:03'
System info: host: 'DESKTOP-NUVRDQH', ip: '192.168.0.118', os.name: 'Windows 8.1', os.arch: 'x86', os.version: '6.3', java.version: '1.8.0_45'
Driver info: org.openqa.selenium.chrome.ChromeDriver
Capabilities {acceptInsecureCerts: false, browserName: chrome, browserVersion: 77.0.3865.90, chrome: {chromedriverVersion: 77.0.3865.40 (f484704e052e0..., userDataDir: C:\Users\SK_PC\AppData\Loca...}, goog:chromeOptions: {debuggerAddress: localhost:53635}, javascriptEnabled: true, networkConnectionEnabled: false, pageLoadStrategy: normal, platform: XP, platformName: XP, proxy: Proxy(), setWindowRect: true, strictFileInteractability: false, timeouts: {implicit: 0, pageLoad: 300000, script: 30000}, unhandledPromptBehavior: dismiss and notify}
Session ID: 958f41e930586536ea0f0278bf556dfc
]]></system-out>
    <system-err><![CDATA[Starting ChromeDriver 77.0.3865.40 (f484704e052e0b556f8030b65b953dce96503217-refs/branch-heads/3865@{#442}) on port 28299
Only local connections are allowed.
Please protect ports used by ChromeDriver and related test frameworks to prevent access by malicious code.
[1570384177.812][WARNING]: Timed out connecting to Chrome, retrying...
Oct 06, 2019 11:19:39 PM org.openqa.selenium.remote.ProtocolHandshake createSession
INFO: Detected dialect: W3C
[1570384181.876][WARNING]: Timed out connecting to Chrome, retrying...
[1570384262.627][SEVERE]: Unable to receive message from renderer
[1570384264.875][WARNING]: Timed out connecting to Chrome, retrying...
]]></system-err>
  </testcase>
  <testcase name="setUp" classname="com.crm.qa.testcases.HomepageTest" time="0">
    <skipped/>
  </testcase>
  <testcase name="setUp" classname="com.crm.qa.testcases.HomepageTest" time="0">
    <skipped/>
  </testcase>
  <testcase name="verifyDealsTest" classname="com.crm.qa.testcases.HomepageTest" time="0">
    <skipped message="element click intercepted: Element &lt;input type=&quot;submit&quot; value=&quot;Login&quot; class=&quot;btn btn-small&quot;&gt; is not clickable at point (32, 222). Other element would receive the click: &lt;div id=&quot;preloader&quot;&gt;...&lt;/div&gt;&#10;  (Session info: chrome=77.0.3865.90)&#10;Build info: version: &apos;3.141.59&apos;, revision: &apos;e82be7d358&apos;, time: &apos;2018-11-14T08:17:03&apos;&#10;System info: host: &apos;DESKTOP-NUVRDQH&apos;, ip: &apos;192.168.0.118&apos;, os.name: &apos;Windows 8.1&apos;, os.arch: &apos;x86&apos;, os.version: &apos;6.3&apos;, java.version: &apos;1.8.0_45&apos;&#10;Driver info: org.openqa.selenium.chrome.ChromeDriver&#10;Capabilities {acceptInsecureCerts: false, browserName: chrome, browserVersion: 77.0.3865.90, chrome: {chromedriverVersion: 77.0.3865.40 (f484704e052e0..., userDataDir: C:\Users\SK_PC\AppData\Loca...}, goog:chromeOptions: {debuggerAddress: localhost:53635}, javascriptEnabled: true, networkConnectionEnabled: false, pageLoadStrategy: normal, platform: XP, platformName: XP, proxy: Proxy(), setWindowRect: true, strictFileInteractability: false, timeouts: {implicit: 0, pageLoad: 300000, script: 30000}, unhandledPromptBehavior: dismiss and notify}&#10;Session ID: 958f41e930586536ea0f0278bf556dfc"/>
  </testcase>
  <testcase name="verifyTitleTest" classname="com.crm.qa.testcases.HomepageTest" time="0">
    <skipped message="element click intercepted: Element &lt;input type=&quot;submit&quot; value=&quot;Login&quot; class=&quot;btn btn-small&quot;&gt; is not clickable at point (32, 222). Other element would receive the click: &lt;div id=&quot;preloader&quot;&gt;...&lt;/div&gt;&#10;  (Session info: chrome=77.0.3865.90)&#10;Build info: version: &apos;3.141.59&apos;, revision: &apos;e82be7d358&apos;, time: &apos;2018-11-14T08:17:03&apos;&#10;System info: host: &apos;DESKTOP-NUVRDQH&apos;, ip: &apos;192.168.0.118&apos;, os.name: &apos;Windows 8.1&apos;, os.arch: &apos;x86&apos;, os.version: &apos;6.3&apos;, java.version: &apos;1.8.0_45&apos;&#10;Driver info: org.openqa.selenium.chrome.ChromeDriver&#10;Capabilities {acceptInsecureCerts: false, browserName: chrome, browserVersion: 77.0.3865.90, chrome: {chromedriverVersion: 77.0.3865.40 (f484704e052e0..., userDataDir: C:\Users\SK_PC\AppData\Loca...}, goog:chromeOptions: {debuggerAddress: localhost:53635}, javascriptEnabled: true, networkConnectionEnabled: false, pageLoadStrategy: normal, platform: XP, platformName: XP, proxy: Proxy(), setWindowRect: true, strictFileInteractability: false, timeouts: {implicit: 0, pageLoad: 300000, script: 30000}, unhandledPromptBehavior: dismiss and notify}&#10;Session ID: 958f41e930586536ea0f0278bf556dfc"/>
  </testcase>
  <testcase name="verifylabelTest" classname="com.crm.qa.testcases.HomepageTest" time="0">
    <skipped message="element click intercepted: Element &lt;input type=&quot;submit&quot; value=&quot;Login&quot; class=&quot;btn btn-small&quot;&gt; is not clickable at point (32, 222). Other element would receive the click: &lt;div id=&quot;preloader&quot;&gt;...&lt;/div&gt;&#10;  (Session info: chrome=77.0.3865.90)&#10;Build info: version: &apos;3.141.59&apos;, revision: &apos;e82be7d358&apos;, time: &apos;2018-11-14T08:17:03&apos;&#10;System info: host: &apos;DESKTOP-NUVRDQH&apos;, ip: &apos;192.168.0.118&apos;, os.name: &apos;Windows 8.1&apos;, os.arch: &apos;x86&apos;, os.version: &apos;6.3&apos;, java.version: &apos;1.8.0_45&apos;&#10;Driver info: org.openqa.selenium.chrome.ChromeDriver&#10;Capabilities {acceptInsecureCerts: false, browserName: chrome, browserVersion: 77.0.3865.90, chrome: {chromedriverVersion: 77.0.3865.40 (f484704e052e0..., userDataDir: C:\Users\SK_PC\AppData\Loca...}, goog:chromeOptions: {debuggerAddress: localhost:53635}, javascriptEnabled: true, networkConnectionEnabled: false, pageLoadStrategy: normal, platform: XP, platformName: XP, proxy: Proxy(), setWindowRect: true, strictFileInteractability: false, timeouts: {implicit: 0, pageLoad: 300000, script: 30000}, unhandledPromptBehavior: dismiss and notify}&#10;Session ID: 958f41e930586536ea0f0278bf556dfc"/>
  </testcase>
  <testcase name="setUp" classname="com.crm.qa.testcases.LoginPageTest" time="739.826">
    <failure message="timeout&#10;  (Session info: chrome=77.0.3865.90)&#10;Build info: version: &apos;3.141.59&apos;, revision: &apos;e82be7d358&apos;, time: &apos;2018-11-14T08:17:03&apos;&#10;System info: host: &apos;DESKTOP-NUVRDQH&apos;, ip: &apos;192.168.0.118&apos;, os.name: &apos;Windows 8.1&apos;, os.arch: &apos;x86&apos;, os.version: &apos;6.3&apos;, java.version: &apos;1.8.0_45&apos;&#10;Driver info: org.openqa.selenium.chrome.ChromeDriver&#10;Capabilities {acceptInsecureCerts: false, browserName: chrome, browserVersion: 77.0.3865.90, chrome: {chromedriverVersion: 77.0.3865.40 (f484704e052e0..., userDataDir: C:\Users\SK_PC\AppData\Loca...}, goog:chromeOptions: {debuggerAddress: localhost:53704}, javascriptEnabled: true, networkConnectionEnabled: false, pageLoadStrategy: normal, platform: XP, platformName: XP, proxy: Proxy(), setWindowRect: true, strictFileInteractability: false, timeouts: {implicit: 0, pageLoad: 300000, script: 30000}, unhandledPromptBehavior: dismiss and notify}&#10;Session ID: 384bfb3e97324636955b93ca0c434a05" type="org.openqa.selenium.TimeoutException">org.openqa.selenium.TimeoutException: 
timeout
  (Session info: chrome=77.0.3865.90)
Build info: version: '3.141.59', revision: 'e82be7d358', time: '2018-11-14T08:17:03'
System info: host: 'DESKTOP-NUVRDQH', ip: '192.168.0.118', os.name: 'Windows 8.1', os.arch: 'x86', os.version: '6.3', java.version: '1.8.0_45'
Driver info: org.openqa.selenium.chrome.ChromeDriver
Capabilities {acceptInsecureCerts: false, browserName: chrome, browserVersion: 77.0.3865.90, chrome: {chromedriverVersion: 77.0.3865.40 (f484704e052e0..., userDataDir: C:\Users\SK_PC\AppData\Loca...}, goog:chromeOptions: {debuggerAddress: localhost:53704}, javascriptEnabled: true, networkConnectionEnabled: false, pageLoadStrategy: normal, platform: XP, platformName: XP, proxy: Proxy(), setWindowRect: true, strictFileInteractability: false, timeouts: {implicit: 0, pageLoad: 300000, script: 30000}, unhandledPromptBehavior: dismiss and notify}
Session ID: 384bfb3e97324636955b93ca0c434a05
	at com.crm.qa.testcases.LoginPageTest.setUp(LoginPageTest.java:23)
</failure>
    <system-out><![CDATA[Before navigating to: 'https://www.crmpro.com/'
Exception occured: org.openqa.selenium.TimeoutException: timeout
  (Session info: chrome=77.0.3865.90)
Build info: version: '3.141.59', revision: 'e82be7d358', time: '2018-11-14T08:17:03'
System info: host: 'DESKTOP-NUVRDQH', ip: '192.168.0.118', os.name: 'Windows 8.1', os.arch: 'x86', os.version: '6.3', java.version: '1.8.0_45'
Driver info: org.openqa.selenium.chrome.ChromeDriver
Capabilities {acceptInsecureCerts: false, browserName: chrome, browserVersion: 77.0.3865.90, chrome: {chromedriverVersion: 77.0.3865.40 (f484704e052e0..., userDataDir: C:\Users\SK_PC\AppData\Loca...}, goog:chromeOptions: {debuggerAddress: localhost:53704}, javascriptEnabled: true, networkConnectionEnabled: false, pageLoadStrategy: normal, platform: XP, platformName: XP, proxy: Proxy(), setWindowRect: true, strictFileInteractability: false, timeouts: {implicit: 0, pageLoad: 300000, script: 30000}, unhandledPromptBehavior: dismiss and notify}
Session ID: 384bfb3e97324636955b93ca0c434a05
]]></system-out>
    <system-err><![CDATA[Starting ChromeDriver 77.0.3865.40 (f484704e052e0b556f8030b65b953dce96503217-refs/branch-heads/3865@{#442}) on port 12275
Only local connections are allowed.
Please protect ports used by ChromeDriver and related test frameworks to prevent access by malicious code.
[1570384692.727][WARNING]: Timed out connecting to Chrome, retrying...
Oct 06, 2019 11:28:14 PM org.openqa.selenium.remote.ProtocolHandshake createSession
INFO: Detected dialect: W3C
[1570384696.778][WARNING]: Timed out connecting to Chrome, retrying...
[1570384899.288][SEVERE]: Timed out receiving message from renderer: 197.617
[1570384899.311][SEVERE]: Timed out receiving message from renderer: -0.024
]]></system-err>
  </testcase>
  <testcase name="setUp" classname="com.crm.qa.testcases.LoginPageTest" time="0">
    <skipped/>
  </testcase>
  <testcase name="setUp" classname="com.crm.qa.testcases.LoginPageTest" time="0">
    <skipped/>
  </testcase>
  <testcase name="VerifyTitle" classname="com.crm.qa.testcases.LoginPageTest" time="0">
    <skipped message="timeout&#10;  (Session info: chrome=77.0.3865.90)&#10;Build info: version: &apos;3.141.59&apos;, revision: &apos;e82be7d358&apos;, time: &apos;2018-11-14T08:17:03&apos;&#10;System info: host: &apos;DESKTOP-NUVRDQH&apos;, ip: &apos;192.168.0.118&apos;, os.name: &apos;Windows 8.1&apos;, os.arch: &apos;x86&apos;, os.version: &apos;6.3&apos;, java.version: &apos;1.8.0_45&apos;&#10;Driver info: org.openqa.selenium.chrome.ChromeDriver&#10;Capabilities {acceptInsecureCerts: false, browserName: chrome, browserVersion: 77.0.3865.90, chrome: {chromedriverVersion: 77.0.3865.40 (f484704e052e0..., userDataDir: C:\Users\SK_PC\AppData\Loca...}, goog:chromeOptions: {debuggerAddress: localhost:53704}, javascriptEnabled: true, networkConnectionEnabled: false, pageLoadStrategy: normal, platform: XP, platformName: XP, proxy: Proxy(), setWindowRect: true, strictFileInteractability: false, timeouts: {implicit: 0, pageLoad: 300000, script: 30000}, unhandledPromptBehavior: dismiss and notify}&#10;Session ID: 384bfb3e97324636955b93ca0c434a05"/>
  </testcase>
  <testcase name="verifyLogo" classname="com.crm.qa.testcases.LoginPageTest" time="0">
    <skipped message="timeout&#10;  (Session info: chrome=77.0.3865.90)&#10;Build info: version: &apos;3.141.59&apos;, revision: &apos;e82be7d358&apos;, time: &apos;2018-11-14T08:17:03&apos;&#10;System info: host: &apos;DESKTOP-NUVRDQH&apos;, ip: &apos;192.168.0.118&apos;, os.name: &apos;Windows 8.1&apos;, os.arch: &apos;x86&apos;, os.version: &apos;6.3&apos;, java.version: &apos;1.8.0_45&apos;&#10;Driver info: org.openqa.selenium.chrome.ChromeDriver&#10;Capabilities {acceptInsecureCerts: false, browserName: chrome, browserVersion: 77.0.3865.90, chrome: {chromedriverVersion: 77.0.3865.40 (f484704e052e0..., userDataDir: C:\Users\SK_PC\AppData\Loca...}, goog:chromeOptions: {debuggerAddress: localhost:53704}, javascriptEnabled: true, networkConnectionEnabled: false, pageLoadStrategy: normal, platform: XP, platformName: XP, proxy: Proxy(), setWindowRect: true, strictFileInteractability: false, timeouts: {implicit: 0, pageLoad: 300000, script: 30000}, unhandledPromptBehavior: dismiss and notify}&#10;Session ID: 384bfb3e97324636955b93ca0c434a05"/>
  </testcase>
  <testcase name="LoginTest" classname="com.crm.qa.testcases.LoginPageTest" time="0">
    <skipped message="timeout&#10;  (Session info: chrome=77.0.3865.90)&#10;Build info: version: &apos;3.141.59&apos;, revision: &apos;e82be7d358&apos;, time: &apos;2018-11-14T08:17:03&apos;&#10;System info: host: &apos;DESKTOP-NUVRDQH&apos;, ip: &apos;192.168.0.118&apos;, os.name: &apos;Windows 8.1&apos;, os.arch: &apos;x86&apos;, os.version: &apos;6.3&apos;, java.version: &apos;1.8.0_45&apos;&#10;Driver info: org.openqa.selenium.chrome.ChromeDriver&#10;Capabilities {acceptInsecureCerts: false, browserName: chrome, browserVersion: 77.0.3865.90, chrome: {chromedriverVersion: 77.0.3865.40 (f484704e052e0..., userDataDir: C:\Users\SK_PC\AppData\Loca...}, goog:chromeOptions: {debuggerAddress: localhost:53704}, javascriptEnabled: true, networkConnectionEnabled: false, pageLoadStrategy: normal, platform: XP, platformName: XP, proxy: Proxy(), setWindowRect: true, strictFileInteractability: false, timeouts: {implicit: 0, pageLoad: 300000, script: 30000}, unhandledPromptBehavior: dismiss and notify}&#10;Session ID: 384bfb3e97324636955b93ca0c434a05"/>
  </testcase>
</testsuite>