<?xml version="1.0" encoding="UTF-8"?>
<testng-results skipped="0" failed="2" ignored="0" total="12" passed="10">
  <reporter-output>
  </reporter-output>
  <suite name="Suite" duration-ms="491650" started-at="2019-10-02T07:00:41Z" finished-at="2019-10-02T07:08:53Z">
    <groups>
    </groups>
    <test name="Test" duration-ms="491650" started-at="2019-10-02T07:00:41Z" finished-at="2019-10-02T07:08:53Z">
      <class name="com.crm.qa.testcases.ContactTest">
        <test-method status="PASS" signature="setUp()[pri:0, instance:com.crm.qa.testcases.ContactTest@e26948]" name="setUp" is-config="true" duration-ms="37881" started-at="2019-10-02T12:34:11Z" finished-at="2019-10-02T12:34:49Z">
          <reporter-output>
          </reporter-output>
        </test-method> <!-- setUp -->
        <test-method status="PASS" signature="createContacttest(java.lang.String, java.lang.String, java.lang.String, java.lang.String)[pri:0, instance:com.crm.qa.testcases.ContactTest@e26948]" name="createContacttest" duration-ms="5048" started-at="2019-10-02T12:34:49Z" data-provider="getCrmdata" finished-at="2019-10-02T12:34:54Z">
          <params>
            <param index="0">
              <value>
                <![CDATA[Mr.]]>
              </value>
            </param>
            <param index="1">
              <value>
                <![CDATA[peter]]>
              </value>
            </param>
            <param index="2">
              <value>
                <![CDATA[k]]>
              </value>
            </param>
            <param index="3">
              <value>
                <![CDATA[google]]>
              </value>
            </param>
          </params>
          <reporter-output>
          </reporter-output>
        </test-method> <!-- createContacttest -->
        <test-method status="PASS" signature="tearDown()[pri:0, instance:com.crm.qa.testcases.ContactTest@e26948]" name="tearDown" is-config="true" duration-ms="273" started-at="2019-10-02T12:34:54Z" finished-at="2019-10-02T12:34:55Z">
          <reporter-output>
          </reporter-output>
        </test-method> <!-- tearDown -->
        <test-method status="PASS" signature="setUp()[pri:0, instance:com.crm.qa.testcases.ContactTest@e26948]" name="setUp" is-config="true" duration-ms="36583" started-at="2019-10-02T12:34:55Z" finished-at="2019-10-02T12:35:31Z">
          <reporter-output>
          </reporter-output>
        </test-method> <!-- setUp -->
        <test-method status="PASS" signature="createContacttest(java.lang.String, java.lang.String, java.lang.String, java.lang.String)[pri:0, instance:com.crm.qa.testcases.ContactTest@e26948]" name="createContacttest" duration-ms="5034" started-at="2019-10-02T12:35:31Z" data-provider="getCrmdata" finished-at="2019-10-02T12:35:36Z">
          <params>
            <param index="0">
              <value>
                <![CDATA[Miss]]>
              </value>
            </param>
            <param index="1">
              <value>
                <![CDATA[Julie]]>
              </value>
            </param>
            <param index="2">
              <value>
                <![CDATA[s]]>
              </value>
            </param>
            <param index="3">
              <value>
                <![CDATA[facebook]]>
              </value>
            </param>
          </params>
          <reporter-output>
          </reporter-output>
        </test-method> <!-- createContacttest -->
        <test-method status="PASS" signature="tearDown()[pri:0, instance:com.crm.qa.testcases.ContactTest@e26948]" name="tearDown" is-config="true" duration-ms="515" started-at="2019-10-02T12:35:36Z" finished-at="2019-10-02T12:35:37Z">
          <reporter-output>
          </reporter-output>
        </test-method> <!-- tearDown -->
        <test-method status="PASS" signature="setUp()[pri:0, instance:com.crm.qa.testcases.ContactTest@e26948]" name="setUp" is-config="true" duration-ms="30933" started-at="2019-10-02T12:35:37Z" finished-at="2019-10-02T12:36:08Z">
          <reporter-output>
          </reporter-output>
        </test-method> <!-- setUp -->
        <test-method status="PASS" signature="createContacttest(java.lang.String, java.lang.String, java.lang.String, java.lang.String)[pri:0, instance:com.crm.qa.testcases.ContactTest@e26948]" name="createContacttest" duration-ms="5307" started-at="2019-10-02T12:36:08Z" data-provider="getCrmdata" finished-at="2019-10-02T12:36:13Z">
          <params>
            <param index="0">
              <value>
                <![CDATA[Dr.]]>
              </value>
            </param>
            <param index="1">
              <value>
                <![CDATA[rober]]>
              </value>
            </param>
            <param index="2">
              <value>
                <![CDATA[s]]>
              </value>
            </param>
            <param index="3">
              <value>
                <![CDATA[Microsoft]]>
              </value>
            </param>
          </params>
          <reporter-output>
          </reporter-output>
        </test-method> <!-- createContacttest -->
        <test-method status="PASS" signature="tearDown()[pri:0, instance:com.crm.qa.testcases.ContactTest@e26948]" name="tearDown" is-config="true" duration-ms="391" started-at="2019-10-02T12:36:13Z" finished-at="2019-10-02T12:36:13Z">
          <reporter-output>
          </reporter-output>
        </test-method> <!-- tearDown -->
        <test-method status="PASS" signature="setUp()[pri:0, instance:com.crm.qa.testcases.ContactTest@e26948]" name="setUp" is-config="true" duration-ms="29126" started-at="2019-10-02T12:36:13Z" finished-at="2019-10-02T12:36:43Z">
          <reporter-output>
          </reporter-output>
        </test-method> <!-- setUp -->
        <test-method status="PASS" signature="verifyContactSelectTest()[pri:0, instance:com.crm.qa.testcases.ContactTest@e26948]" name="verifyContactSelectTest" duration-ms="1810" started-at="2019-10-02T12:36:43Z" finished-at="2019-10-02T12:36:44Z">
          <reporter-output>
          </reporter-output>
        </test-method> <!-- verifyContactSelectTest -->
        <test-method status="PASS" signature="tearDown()[pri:0, instance:com.crm.qa.testcases.ContactTest@e26948]" name="tearDown" is-config="true" duration-ms="954" started-at="2019-10-02T12:36:44Z" finished-at="2019-10-02T12:36:45Z">
          <reporter-output>
          </reporter-output>
        </test-method> <!-- tearDown -->
        <test-method status="PASS" signature="setUp()[pri:0, instance:com.crm.qa.testcases.ContactTest@e26948]" name="setUp" is-config="true" duration-ms="47288" started-at="2019-10-02T12:36:45Z" finished-at="2019-10-02T12:37:33Z">
          <reporter-output>
          </reporter-output>
        </test-method> <!-- setUp -->
        <test-method status="PASS" signature="verifyContactlabelTest()[pri:0, instance:com.crm.qa.testcases.ContactTest@e26948]" name="verifyContactlabelTest" duration-ms="1846" started-at="2019-10-02T12:37:33Z" finished-at="2019-10-02T12:37:34Z">
          <reporter-output>
          </reporter-output>
        </test-method> <!-- verifyContactlabelTest -->
        <test-method status="PASS" signature="tearDown()[pri:0, instance:com.crm.qa.testcases.ContactTest@e26948]" name="tearDown" is-config="true" duration-ms="848" started-at="2019-10-02T12:37:34Z" finished-at="2019-10-02T12:37:35Z">
          <reporter-output>
          </reporter-output>
        </test-method> <!-- tearDown -->
      </class> <!-- com.crm.qa.testcases.ContactTest -->
      <class name="com.crm.qa.testcases.LoginPageTest">
        <test-method status="PASS" signature="setUp()[pri:0, instance:com.crm.qa.testcases.LoginPageTest@194d431]" name="setUp" is-config="true" duration-ms="24969" started-at="2019-10-02T12:37:35Z" finished-at="2019-10-02T12:38:00Z">
          <reporter-output>
          </reporter-output>
        </test-method> <!-- setUp -->
        <test-method status="FAIL" signature="VerifyTitle()[pri:1, instance:com.crm.qa.testcases.LoginPageTest@194d431]" name="VerifyTitle" duration-ms="43" started-at="2019-10-02T12:38:00Z" finished-at="2019-10-02T12:38:00Z">
          <exception class="java.lang.AssertionError">
            <message>
              <![CDATA[expected [CRMPRO - CRM software for customer relationship management, sales, and support.] but found [CRMPRO1 - CRM software for customer relationship management, sales, and support.]]]>
            </message>
            <full-stacktrace>
              <![CDATA[java.lang.AssertionError: expected [CRMPRO - CRM software for customer relationship management, sales, and support.] but found [CRMPRO1 - CRM software for customer relationship management, sales, and support.]
	at org.testng.Assert.fail(Assert.java:93)
	at org.testng.Assert.failNotEquals(Assert.java:512)
	at org.testng.Assert.assertEqualsImpl(Assert.java:134)
	at org.testng.Assert.assertEquals(Assert.java:115)
	at org.testng.Assert.assertEquals(Assert.java:189)
	at org.testng.Assert.assertEquals(Assert.java:199)
	at com.crm.qa.testcases.LoginPageTest.VerifyTitle(LoginPageTest.java:31)
	at sun.reflect.NativeMethodAccessorImpl.invoke0(Native Method)
	at sun.reflect.NativeMethodAccessorImpl.invoke(Unknown Source)
	at sun.reflect.DelegatingMethodAccessorImpl.invoke(Unknown Source)
	at java.lang.reflect.Method.invoke(Unknown Source)
	at org.testng.internal.MethodInvocationHelper.invokeMethod(MethodInvocationHelper.java:108)
	at org.testng.internal.Invoker.invokeMethod(Invoker.java:661)
	at org.testng.internal.Invoker.invokeTestMethod(Invoker.java:869)
	at org.testng.internal.Invoker.invokeTestMethods(Invoker.java:1193)
	at org.testng.internal.TestMethodWorker.invokeTestMethods(TestMethodWorker.java:126)
	at org.testng.internal.TestMethodWorker.run(TestMethodWorker.java:109)
	at org.testng.TestRunner.privateRun(TestRunner.java:744)
	at org.testng.TestRunner.run(TestRunner.java:602)
	at org.testng.SuiteRunner.runTest(SuiteRunner.java:380)
	at org.testng.SuiteRunner.runSequentially(SuiteRunner.java:375)
	at org.testng.SuiteRunner.privateRun(SuiteRunner.java:340)
	at org.testng.SuiteRunner.run(SuiteRunner.java:289)
	at org.testng.SuiteRunnerWorker.runSuite(SuiteRunnerWorker.java:52)
	at org.testng.SuiteRunnerWorker.run(SuiteRunnerWorker.java:86)
	at org.testng.TestNG.runSuitesSequentially(TestNG.java:1301)
	at org.testng.TestNG.runSuitesLocally(TestNG.java:1226)
	at org.testng.TestNG.runSuites(TestNG.java:1144)
	at org.testng.TestNG.run(TestNG.java:1115)
	at org.testng.remote.AbstractRemoteTestNG.run(AbstractRemoteTestNG.java:126)
	at org.testng.remote.RemoteTestNG.initAndRun(RemoteTestNG.java:152)
	at org.testng.remote.RemoteTestNG.main(RemoteTestNG.java:57)
]]>
            </full-stacktrace>
          </exception> <!-- java.lang.AssertionError -->
          <reporter-output>
          </reporter-output>
        </test-method> <!-- VerifyTitle -->
        <test-method status="PASS" signature="tearDown()[pri:0, instance:com.crm.qa.testcases.LoginPageTest@194d431]" name="tearDown" is-config="true" duration-ms="1050" started-at="2019-10-02T12:38:00Z" finished-at="2019-10-02T12:38:01Z">
          <reporter-output>
          </reporter-output>
        </test-method> <!-- tearDown -->
        <test-method status="PASS" signature="setUp()[pri:0, instance:com.crm.qa.testcases.LoginPageTest@194d431]" name="setUp" is-config="true" duration-ms="21392" started-at="2019-10-02T12:38:01Z" finished-at="2019-10-02T12:38:23Z">
          <reporter-output>
          </reporter-output>
        </test-method> <!-- setUp -->
        <test-method status="PASS" signature="verifyLogo()[pri:2, instance:com.crm.qa.testcases.LoginPageTest@194d431]" name="verifyLogo" duration-ms="559" started-at="2019-10-02T12:38:23Z" finished-at="2019-10-02T12:38:23Z">
          <reporter-output>
          </reporter-output>
        </test-method> <!-- verifyLogo -->
        <test-method status="PASS" signature="tearDown()[pri:0, instance:com.crm.qa.testcases.LoginPageTest@194d431]" name="tearDown" is-config="true" duration-ms="1013" started-at="2019-10-02T12:38:23Z" finished-at="2019-10-02T12:38:24Z">
          <reporter-output>
          </reporter-output>
        </test-method> <!-- tearDown -->
        <test-method status="PASS" signature="setUp()[pri:0, instance:com.crm.qa.testcases.LoginPageTest@194d431]" name="setUp" is-config="true" duration-ms="18648" started-at="2019-10-02T12:38:24Z" finished-at="2019-10-02T12:38:43Z">
          <reporter-output>
          </reporter-output>
        </test-method> <!-- setUp -->
        <test-method status="PASS" signature="LoginTest()[pri:3, instance:com.crm.qa.testcases.LoginPageTest@194d431]" name="LoginTest" duration-ms="8892" started-at="2019-10-02T12:38:43Z" finished-at="2019-10-02T12:38:52Z">
          <reporter-output>
          </reporter-output>
        </test-method> <!-- LoginTest -->
        <test-method status="PASS" signature="tearDown()[pri:0, instance:com.crm.qa.testcases.LoginPageTest@194d431]" name="tearDown" is-config="true" duration-ms="976" started-at="2019-10-02T12:38:52Z" finished-at="2019-10-02T12:38:53Z">
          <reporter-output>
          </reporter-output>
        </test-method> <!-- tearDown -->
      </class> <!-- com.crm.qa.testcases.LoginPageTest -->
      <class name="com.crm.qa.testcases.HomepageTest">
        <test-method status="PASS" signature="setUp()[pri:0, instance:com.crm.qa.testcases.HomepageTest@19c0f4a]" name="setUp" is-config="true" duration-ms="71843" started-at="2019-10-02T12:30:41Z" finished-at="2019-10-02T12:31:53Z">
          <reporter-output>
          </reporter-output>
        </test-method> <!-- setUp -->
        <test-method status="PASS" signature="VerifyContactTest()[pri:0, instance:com.crm.qa.testcases.HomepageTest@19c0f4a]" name="VerifyContactTest" duration-ms="1526" started-at="2019-10-02T12:31:53Z" finished-at="2019-10-02T12:31:55Z">
          <reporter-output>
          </reporter-output>
        </test-method> <!-- VerifyContactTest -->
        <test-method status="PASS" signature="tearDown()[pri:0, instance:com.crm.qa.testcases.HomepageTest@19c0f4a]" name="tearDown" is-config="true" duration-ms="2305" started-at="2019-10-02T12:31:55Z" finished-at="2019-10-02T12:31:57Z">
          <reporter-output>
          </reporter-output>
        </test-method> <!-- tearDown -->
        <test-method status="PASS" signature="setUp()[pri:0, instance:com.crm.qa.testcases.HomepageTest@19c0f4a]" name="setUp" is-config="true" duration-ms="47132" started-at="2019-10-02T12:31:57Z" finished-at="2019-10-02T12:32:44Z">
          <reporter-output>
          </reporter-output>
        </test-method> <!-- setUp -->
        <test-method status="PASS" signature="verifyDealsTest()[pri:0, instance:com.crm.qa.testcases.HomepageTest@19c0f4a]" name="verifyDealsTest" duration-ms="917" started-at="2019-10-02T12:32:44Z" finished-at="2019-10-02T12:32:45Z">
          <reporter-output>
          </reporter-output>
        </test-method> <!-- verifyDealsTest -->
        <test-method status="PASS" signature="tearDown()[pri:0, instance:com.crm.qa.testcases.HomepageTest@19c0f4a]" name="tearDown" is-config="true" duration-ms="981" started-at="2019-10-02T12:32:45Z" finished-at="2019-10-02T12:32:46Z">
          <reporter-output>
          </reporter-output>
        </test-method> <!-- tearDown -->
        <test-method status="PASS" signature="setUp()[pri:0, instance:com.crm.qa.testcases.HomepageTest@19c0f4a]" name="setUp" is-config="true" duration-ms="43389" started-at="2019-10-02T12:32:46Z" finished-at="2019-10-02T12:33:29Z">
          <reporter-output>
          </reporter-output>
        </test-method> <!-- setUp -->
        <test-method status="FAIL" signature="verifyTitleTest()[pri:0, instance:com.crm.qa.testcases.HomepageTest@19c0f4a]" name="verifyTitleTest" duration-ms="128" started-at="2019-10-02T12:33:29Z" finished-at="2019-10-02T12:33:30Z">
          <exception class="java.lang.AssertionError">
            <message>
              <![CDATA[Title not found expected [CRMPRO] but found [CRMPRO1]]]>
            </message>
            <full-stacktrace>
              <![CDATA[java.lang.AssertionError: Title not found expected [CRMPRO] but found [CRMPRO1]
	at org.testng.Assert.fail(Assert.java:93)
	at org.testng.Assert.failNotEquals(Assert.java:512)
	at org.testng.Assert.assertEqualsImpl(Assert.java:134)
	at org.testng.Assert.assertEquals(Assert.java:115)
	at org.testng.Assert.assertEquals(Assert.java:189)
	at com.crm.qa.testcases.HomepageTest.verifyTitleTest(HomepageTest.java:40)
	at sun.reflect.NativeMethodAccessorImpl.invoke0(Native Method)
	at sun.reflect.NativeMethodAccessorImpl.invoke(Unknown Source)
	at sun.reflect.DelegatingMethodAccessorImpl.invoke(Unknown Source)
	at java.lang.reflect.Method.invoke(Unknown Source)
	at org.testng.internal.MethodInvocationHelper.invokeMethod(MethodInvocationHelper.java:108)
	at org.testng.internal.Invoker.invokeMethod(Invoker.java:661)
	at org.testng.internal.Invoker.invokeTestMethod(Invoker.java:869)
	at org.testng.internal.Invoker.invokeTestMethods(Invoker.java:1193)
	at org.testng.internal.TestMethodWorker.invokeTestMethods(TestMethodWorker.java:126)
	at org.testng.internal.TestMethodWorker.run(TestMethodWorker.java:109)
	at org.testng.TestRunner.privateRun(TestRunner.java:744)
	at org.testng.TestRunner.run(TestRunner.java:602)
	at org.testng.SuiteRunner.runTest(SuiteRunner.java:380)
	at org.testng.SuiteRunner.runSequentially(SuiteRunner.java:375)
	at org.testng.SuiteRunner.privateRun(SuiteRunner.java:340)
	at org.testng.SuiteRunner.run(SuiteRunner.java:289)
	at org.testng.SuiteRunnerWorker.runSuite(SuiteRunnerWorker.java:52)
	at org.testng.SuiteRunnerWorker.run(SuiteRunnerWorker.java:86)
	at org.testng.TestNG.runSuitesSequentially(TestNG.java:1301)
	at org.testng.TestNG.runSuitesLocally(TestNG.java:1226)
	at org.testng.TestNG.runSuites(TestNG.java:1144)
	at org.testng.TestNG.run(TestNG.java:1115)
	at org.testng.remote.AbstractRemoteTestNG.run(AbstractRemoteTestNG.java:126)
	at org.testng.remote.RemoteTestNG.initAndRun(RemoteTestNG.java:152)
	at org.testng.remote.RemoteTestNG.main(RemoteTestNG.java:57)
]]>
            </full-stacktrace>
          </exception> <!-- java.lang.AssertionError -->
          <reporter-output>
          </reporter-output>
        </test-method> <!-- verifyTitleTest -->
        <test-method status="PASS" signature="tearDown()[pri:0, instance:com.crm.qa.testcases.HomepageTest@19c0f4a]" name="tearDown" is-config="true" duration-ms="1046" started-at="2019-10-02T12:33:30Z" finished-at="2019-10-02T12:33:31Z">
          <reporter-output>
          </reporter-output>
        </test-method> <!-- tearDown -->
        <test-method status="PASS" signature="setUp()[pri:0, instance:com.crm.qa.testcases.HomepageTest@19c0f4a]" name="setUp" is-config="true" duration-ms="37784" started-at="2019-10-02T12:33:31Z" finished-at="2019-10-02T12:34:09Z">
          <reporter-output>
          </reporter-output>
        </test-method> <!-- setUp -->
        <test-method status="PASS" signature="verifylabelTest()[pri:0, instance:com.crm.qa.testcases.HomepageTest@19c0f4a]" name="verifylabelTest" duration-ms="795" started-at="2019-10-02T12:34:09Z" finished-at="2019-10-02T12:34:09Z">
          <reporter-output>
          </reporter-output>
        </test-method> <!-- verifylabelTest -->
        <test-method status="PASS" signature="tearDown()[pri:0, instance:com.crm.qa.testcases.HomepageTest@19c0f4a]" name="tearDown" is-config="true" duration-ms="954" started-at="2019-10-02T12:34:09Z" finished-at="2019-10-02T12:34:10Z">
          <reporter-output>
          </reporter-output>
        </test-method> <!-- tearDown -->
      </class> <!-- com.crm.qa.testcases.HomepageTest -->
    </test> <!-- Test -->
  </suite> <!-- Suite -->
</testng-results>
